00111100000000000000000000000000
00111100001000000000000000000000
00111100010000000000000000000000
00111100011000000000000000000000
00110100000000001000000000010111
00000100001111001000000000000000
00001100000000010000000000000000
01111010100000001000000000010110
00000100010000011000000000000001
00001100000000100000000000000000
01111010100000001000000000010100
00110100100000000000010000011000
00110100101000000000100000011000
00001100000001000001010000000000
01111010110000001000000000010010
00000100011111000001000000000000
00111000101000000000010000011000
00111000011000000000100000011000
00000100010000101000000000000001
01111011100000001000000000001001
00000100001000011000000000000001
01111011100000001000000000000110
10000000000000000000000000000000
